#
# A fatal error has been detected by the Java Runtime Environment:
#
#  SIGSEGV (0xb) at pc=0x00000001024f96a0, pid=12126, tid=0x0000000000004003
#
# JRE version: OpenJDK Runtime Environment (8.0_212) (build 1.8.0_212-release-1586-b4-5784211)
# Java VM: OpenJDK 64-Bit Server VM (25.212-b4-5784211 mixed mode bsd-amd64 compressed oops)
# Problematic frame:
# V  [libjvm.dylib+0x4f96a0]
#
# Failed to write core dump. Core dumps have been disabled. To enable core dumping, try "ulimit -c unlimited" before starting Java again
#
# If you would like to submit a bug report, please visit:
#   http://bugreport.java.com/bugreport/crash.jsp
#

---------------  T H R E A D  ---------------

Current thread (0x00007f81a081d000):  JavaThread "C1 CompilerThread3" daemon [_thread_in_vm, id=16387, stack(0x00007000048a5000,0x00007000049a5000)]

siginfo: si_signo: 11 (SIGSEGV), si_code: 1 (SEGV_MAPERR), si_addr: 0x00007f810001000c

Registers:
RAX=0x00000001037ef000, RBX=0x000000000000000e, RCX=0x0000000000000d85, RDX=0x00007f81a4027c81
RSP=0x00007000049a3b80, RBP=0x00007000049a3bc0, RSI=0x0000000000000d85, RDI=0x00007f819eb09c30
R8 =0x00000000364afd4a, R9 =0x0000000102841290, R10=0x000000010281bad3, R11=0x0000000000000000
R12=0x00007f810001000c, R13=0x00007f81a4027c81, R14=0x0000000000000027, R15=0x00000000364afd4a
RIP=0x00000001024f96a0, EFLAGS=0x0000000000010206, ERR=0x0000000000000004
  TRAPNO=0x000000000000000e

Top of Stack: (sp=0x00007000049a3b80)
0x00007000049a3b80:   00007000049a4150 00007f819eb09c30
0x00007000049a3b90:   0000002700000010 00000000364afd4a
0x00007000049a3ba0:   00007f81a4027c81 0000000000000d85
0x00007000049a3bb0:   0000000000000027 00007f81a081d000
0x00007000049a3bc0:   00007000049a3c10 00000001024f9783
0x00007000049a3bd0:   0000000000000000 0000000000000029
0x00007000049a3be0:   00007000049a3c10 000000010384ddd0
0x00007000049a3bf0:   00007000049a4bb0 0000000000000000
0x00007000049a3c00:   00007f81a52ce9f0 00007f81a081d000
0x00007000049a3c10:   00007000049a3cc0 00000001021484f4
0x00007000049a3c20:   00000004a52ceec0 00007f81a52ceaa0
0x00007000049a3c30:   00007f81a52cee90 00007f81a52ceec0
0x00007000049a3c40:   00007000049a3db0 000000010242bcf4
0x00007000049a3c50:   00007000049a3cc0 0000000000000000
0x00007000049a3c60:   0000000000000000 00007000049a3cd0
0x00007000049a3c70:   00007000049a3c98 00007f81a69ac560
0x00007000049a3c80:   00007000049a3cc0 000000010215d38f
0x00007000049a3c90:   00007f81a52cef00 0000000115f8be40
0x00007000049a3ca0:   00007f81a52ce9f0 00007000049a3e47
0x00007000049a3cb0:   00007f81a081d000 00007f81a52ce9f0
0x00007000049a3cc0:   00007000049a3d50 0000000102148f23
0x00007000049a3cd0:   0000000115f8be40 00007f81a081d000
0x00007000049a3ce0:   0000000000000000 0000000000000000
0x00007000049a3cf0:   0000000115f8be40 0000000000000000
0x00007000049a3d00:   00007f8100000000 00007000049a4bb0
0x00007000049a3d10:   00007f81a52ce9f0 00007000049a3d70
0x00007000049a3d20:   00007000049a3d40 00007f81a081d000
0x00007000049a3d30:   0000000115f8be40 00007000049a3e47
0x00007000049a3d40:   00007000049a4bb0 0000000000000290
0x00007000049a3d50:   00007000049a3dd0 0000000102149266
0x00007000049a3d60:   0000000115f8be40 00007f81a52cedd4
0x00007000049a3d70:   0000000115f8be40 00007f81a081d000 

Instructions: (pc=0x00000001024f96a0)
0x00000001024f9680:   18 89 4d d4 48 8b 47 08 48 63 ce 4c 8b 24 c8 31
0x00000001024f9690:   db 4d 85 e4 74 57 45 89 c7 49 89 d5 48 89 7d c8
0x00000001024f96a0:   45 39 3c 24 75 17 4d 8b 74 24 10 4c 89 f7 4c 89
0x00000001024f96b0:   ee 8b 55 d4 e8 25 f6 ff ff 84 c0 75 35 ff c3 4d 

Register to memory mapping:

RAX=0x00000001037ef000 is an unknown value
RBX=0x000000000000000e is an unknown value
RCX=0x0000000000000d85 is an unknown value
RDX=0x00007f81a4027c81 is an unknown value
RSP=0x00007000049a3b80 is pointing into the stack for thread: 0x00007f81a081d000
RBP=0x00007000049a3bc0 is pointing into the stack for thread: 0x00007f81a081d000
RSI=0x0000000000000d85 is an unknown value
RDI=0x00007f819eb09c30 is an unknown value
R8 =0x00000000364afd4a is an unknown value
R9 =0x0000000102841290: _ZN9vmSymbols8_symbolsE+0 in /Applications/Android Studio.app/Contents/jre/jdk/Contents/Home/jre/lib/server/libjvm.dylib at 0x0000000102000000
R10=0x000000010281bad3: AssumeMP+0 in /Applications/Android Studio.app/Contents/jre/jdk/Contents/Home/jre/lib/server/libjvm.dylib at 0x0000000102000000
R11=0x0000000000000000 is an unknown value
R12=0x00007f810001000c is an unknown value
R13=0x00007f81a4027c81 is an unknown value
R14=0x0000000000000027 is an unknown value
R15=0x00000000364afd4a is an unknown value


Stack: [0x00007000048a5000,0x00007000049a5000],  sp=0x00007000049a3b80,  free space=1018k
Native frames: (J=compiled Java code, j=interpreted, Vv=VM code, C=native code)
V  [libjvm.dylib+0x4f96a0]
V  [libjvm.dylib+0x4f9783]
V  [libjvm.dylib+0x1484f4]
V  [libjvm.dylib+0x148f23]
V  [libjvm.dylib+0x149266]
V  [libjvm.dylib+0x14c5d5]
V  [libjvm.dylib+0x149ec0]
V  [libjvm.dylib+0x149ff7]
V  [libjvm.dylib+0x160752]
V  [libjvm.dylib+0xdc07b]
V  [libjvm.dylib+0xdf79a]
V  [libjvm.dylib+0xe10f8]
V  [libjvm.dylib+0xe3780]
V  [libjvm.dylib+0xde1f8]
V  [libjvm.dylib+0xdd9bf]
V  [libjvm.dylib+0xdf78a]
V  [libjvm.dylib+0xe1133]
V  [libjvm.dylib+0xe3780]
V  [libjvm.dylib+0xde1f8]
V  [libjvm.dylib+0xdd9bf]
V  [libjvm.dylib+0xdf78a]
V  [libjvm.dylib+0xe1133]
V  [libjvm.dylib+0xe1ef4]
V  [libjvm.dylib+0xe7484]
V  [libjvm.dylib+0xe7889]
V  [libjvm.dylib+0xd4171]
V  [libjvm.dylib+0xd4940]
V  [libjvm.dylib+0xd4b7c]
V  [libjvm.dylib+0xd4d73]
V  [libjvm.dylib+0xd585f]
V  [libjvm.dylib+0x1a1daa]
V  [libjvm.dylib+0x1a12ba]
V  [libjvm.dylib+0x52321e]
V  [libjvm.dylib+0x5230e3]
V  [libjvm.dylib+0x4562e3]
C  [libsystem_pthread.dylib+0x6109]  _pthread_start+0x94
C  [libsystem_pthread.dylib+0x1b8b]  thread_start+0xf
C  0x0000000000000000


Current CompileTask:
C1:4992448 27284 %     3       com.android.tools.r8.u.c.K::a @ 112 (314 bytes)


---------------  P R O C E S S  ---------------

Java Threads: ( => current thread )
  0x00007f81a776d000 JavaThread "WorkerExecutor Queue Thread 11" [_thread_blocked, id=83207, stack(0x00007000085af000,0x00007000086af000)]
  0x00007f81a535a000 JavaThread "Cache worker for Java compile cache (/Users/antonioramos/Documents/AppsMictlan/TvMaze/.gradle/5.6.4/javaCompile)" [_thread_blocked, id=82955, stack(0x00007000084ac000,0x00007000085ac000)]
  0x00007f81a59ff000 JavaThread "Cache worker for Java compile cache (/Users/antonioramos/.gradle/caches/5.6.4/javaCompile)" [_thread_blocked, id=23079, stack(0x0000700007dc2000,0x0000700007ec2000)]
  0x00007f81a7d8a000 JavaThread "RMI TCP Connection(idle)" daemon [_thread_blocked, id=82439, stack(0x00007000081ce000,0x00007000082ce000)]
  0x00007f81a4dd7800 JavaThread "RMI Reaper" [_thread_blocked, id=81671, stack(0x00007000080cb000,0x00007000081cb000)]
  0x00007f81a59fe000 JavaThread "RMI TCP Accept-0" daemon [_thread_in_native, id=84231, stack(0x0000700007fc8000,0x00007000080c8000)]
  0x00007f81a114b000 JavaThread "GC Daemon" daemon [_thread_blocked, id=81415, stack(0x0000700007ec5000,0x0000700007fc5000)]
  0x00007f81a43cb000 JavaThread "RMI Scheduler(0)" daemon [_thread_blocked, id=83467, stack(0x00007000053c6000,0x00007000054c6000)]
  0x00007f81a25a2800 JavaThread "process reaper" daemon [_thread_in_native, id=46343, stack(0x0000700007d97000,0x0000700007dbf000)]
  0x00007f81a57fe800 JavaThread "stdout" [_thread_in_native, id=84739, stack(0x0000700007c94000,0x0000700007d94000)]
  0x00007f81a5337800 JavaThread "stderr" [_thread_in_native, id=84995, stack(0x0000700007b91000,0x0000700007c91000)]
  0x00007f819ffa7000 JavaThread "process reaper" daemon [_thread_in_native, id=85251, stack(0x0000700007b66000,0x0000700007b8e000)]
  0x00007f81a5e7e800 JavaThread "stdout" [_thread_in_native, id=45315, stack(0x0000700007a63000,0x0000700007b63000)]
  0x00007f81a7927000 JavaThread "stderr" [_thread_in_native, id=45059, stack(0x0000700007960000,0x0000700007a60000)]
  0x00007f81a7b0d000 JavaThread "process reaper" daemon [_thread_in_native, id=85763, stack(0x0000700007935000,0x000070000795d000)]
  0x00007f81a43cf800 JavaThread "stdout" [_thread_in_native, id=86019, stack(0x0000700007832000,0x0000700007932000)]
  0x00007f81a79d1800 JavaThread "stderr" [_thread_in_native, id=44291, stack(0x000070000772f000,0x000070000782f000)]
  0x00007f81a5e7d800 JavaThread "stdout" [_thread_in_native, id=86787, stack(0x000070000762c000,0x000070000772c000)]
  0x00007f81a5514000 JavaThread "stderr" [_thread_in_native, id=44035, stack(0x0000700007529000,0x0000700007629000)]
  0x00007f81a43ce000 JavaThread "stdout" [_thread_in_native, id=43523, stack(0x0000700007426000,0x0000700007526000)]
  0x00007f81a5e3e000 JavaThread "stderr" [_thread_in_native, id=33283, stack(0x0000700007323000,0x0000700007423000)]
  0x00007f81a08e6000 JavaThread "process reaper" daemon [_thread_in_native, id=33539, stack(0x000070000446c000,0x0000700004494000)]
  0x00007f81a5e78000 JavaThread "process reaper" daemon [_thread_in_native, id=31763, stack(0x0000700004441000,0x0000700004469000)]
  0x00007f81a26d5800 JavaThread "process reaper" daemon [_thread_in_native, id=31523, stack(0x0000700004416000,0x000070000443e000)]
  0x00007f81a7bb2000 JavaThread "pool-30-thread-1" [_thread_blocked, id=32023, stack(0x0000700007220000,0x0000700007320000)]
  0x00007f81a4e11800 JavaThread "Cache worker for execution history cache (/Users/antonioramos/Documents/AppsMictlan/TvMaze/.gradle/5.6.4/executionHistory)" [_thread_blocked, id=33795, stack(0x000070000711d000,0x000070000721d000)]
  0x00007f81a75a4800 JavaThread "Execution worker for ':' Thread 7" [_thread_in_Java, id=34307, stack(0x000070000701a000,0x000070000711a000)]
  0x00007f81a75a4000 JavaThread "Execution worker for ':' Thread 6" [_thread_in_Java, id=30467, stack(0x0000700006f17000,0x0000700007017000)]
  0x00007f81a75a3000 JavaThread "Execution worker for ':' Thread 5" [_thread_in_Java, id=30211, stack(0x0000700006e14000,0x0000700006f14000)]
  0x00007f81a75a2800 JavaThread "Execution worker for ':' Thread 4" [_thread_in_Java, id=35075, stack(0x0000700006d11000,0x0000700006e11000)]
  0x00007f81a75a1800 JavaThread "Execution worker for ':' Thread 3" [_thread_in_Java, id=29955, stack(0x0000700006c0e000,0x0000700006d0e000)]
  0x00007f81a759f000 JavaThread "Execution worker for ':' Thread 2" [_thread_in_Java, id=35587, stack(0x0000700006b0b000,0x0000700006c0b000)]
  0x00007f81a759a800 JavaThread "Execution worker for ':'" [_thread_in_Java, id=29187, stack(0x0000700006a08000,0x0000700006b08000)]
  0x00007f81a7734800 JavaThread "Cache worker for file content cache (/Users/antonioramos/Documents/AppsMictlan/TvMaze/.gradle/5.6.4/fileContent)" [_thread_blocked, id=36099, stack(0x0000700006905000,0x0000700006a05000)]
  0x00007f81a2709800 JavaThread "Cache worker for file content cache (/Users/antonioramos/.gradle/caches/5.6.4/fileContent)" [_thread_blocked, id=40711, stack(0x0000700006802000,0x0000700006902000)]
  0x00007f819e567000 JavaThread "Cache worker for Build Output Cleanup Cache (/Users/antonioramos/Documents/AppsMictlan/TvMaze/.gradle/buildOutputCleanup)" [_thread_blocked, id=28191, stack(0x00007000065fc000,0x00007000066fc000)]
  0x00007f81a74b8800 JavaThread "pool-15-thread-1" [_thread_blocked, id=27167, stack(0x00007000064f9000,0x00007000065f9000)]
  0x00007f81a437c000 JavaThread "Build operations Thread 8" [_thread_blocked, id=37663, stack(0x00007000063f6000,0x00007000064f6000)]
  0x00007f819f8f3800 JavaThread "Build operations Thread 7" [_thread_blocked, id=26911, stack(0x00007000062f3000,0x00007000063f3000)]
  0x00007f819f8f3000 JavaThread "Build operations Thread 6" [_thread_blocked, id=38687, stack(0x00007000061f0000,0x00007000062f0000)]
  0x00007f81a5497000 JavaThread "Build operations Thread 5" [_thread_blocked, id=36895, stack(0x00007000060ed000,0x00007000061ed000)]
  0x00007f81a5496000 JavaThread "Build operations Thread 4" [_thread_blocked, id=37407, stack(0x0000700005fea000,0x00007000060ea000)]
  0x00007f81a48ce800 JavaThread "Build operations Thread 3" [_thread_blocked, id=25119, stack(0x0000700005ee7000,0x0000700005fe7000)]
  0x00007f81a7462800 JavaThread "Build operations Thread 2" [_thread_blocked, id=37151, stack(0x0000700005de4000,0x0000700005ee4000)]
  0x00007f81a7462000 JavaThread "Build operations" [_thread_blocked, id=24863, stack(0x0000700005ce1000,0x0000700005de1000)]
  0x00007f81a4e12800 JavaThread "Cache worker for cache directory md-rule (/Users/antonioramos/.gradle/caches/5.6.4/md-rule)" [_thread_blocked, id=37919, stack(0x0000700005adb000,0x0000700005bdb000)]
  0x00007f81a7671000 JavaThread "Cache worker for cache directory md-supplier (/Users/antonioramos/.gradle/caches/5.6.4/md-supplier)" [_thread_blocked, id=39455, stack(0x00007000059d8000,0x0000700005ad8000)]
  0x00007f81a5495800 JavaThread "Cache worker for file hash cache (/Users/antonioramos/Documents/AppsMictlan/TvMaze/.gradle/5.6.4/fileHashes)" [_thread_blocked, id=26143, stack(0x00007000058d5000,0x00007000059d5000)]
  0x00007f81a48ce000 JavaThread "Thread-138" [_thread_blocked, id=40479, stack(0x00007000054c9000,0x00007000055c9000)]
  0x00007f81a114a800 JavaThread "Asynchronous log dispatcher for DefaultDaemonConnection: socket connection from /127.0.0.1:61956 to /127.0.0.1:51103" [_thread_blocked, id=41759, stack(0x00007000052c3000,0x00007000053c3000)]
  0x00007f81a4dd9800 JavaThread "Daemon worker Thread 7" [_thread_in_Java, id=22811, stack(0x00007000051c0000,0x00007000052c0000)]
  0x00007f81a7670000 JavaThread "Cancel handler" [_thread_blocked, id=27935, stack(0x00007000050bd000,0x00007000051bd000)]
  0x00007f81a4ca6800 JavaThread "Handler for socket connection from /127.0.0.1:61956 to /127.0.0.1:51103" [_thread_in_native, id=42015, stack(0x0000700004fba000,0x00007000050ba000)]
  0x00007f81a5493800 JavaThread "Daemon Thread 7" [_thread_blocked, id=42523, stack(0x0000700004eb7000,0x0000700004fb7000)]
  0x00007f819f5ca000 JavaThread "Memory manager" [_thread_blocked, id=28675, stack(0x00007000066ff000,0x00007000067ff000)]
  0x00007f81a0b4c000 JavaThread "Cache worker for execution history cache (/Users/antonioramos/.gradle/caches/5.6.4/executionHistory)" [_thread_blocked, id=38915, stack(0x0000700005bde000,0x0000700005cde000)]
  0x00007f819f196000 JavaThread "Cache worker for journal cache (/Users/antonioramos/.gradle/caches/journal-1)" [_thread_blocked, id=24579, stack(0x00007000057d2000,0x00007000058d2000)]
  0x00007f81a10a1000 JavaThread "File lock request listener" [_thread_in_native, id=24067, stack(0x00007000056cf000,0x00007000057cf000)]
  0x00007f81a082a000 JavaThread "Cache worker for file hash cache (/Users/antonioramos/.gradle/caches/5.6.4/fileHashes)" [_thread_blocked, id=23555, stack(0x00007000055cc000,0x00007000056cc000)]
  0x00007f81a0c19800 JavaThread "Daemon periodic checks" [_thread_blocked, id=22275, stack(0x0000700004db4000,0x0000700004eb4000)]
  0x00007f81a2116000 JavaThread "Incoming local TCP Connector on port 61956" [_thread_in_native, id=22019, stack(0x0000700004cb1000,0x0000700004db1000)]
  0x00007f81a0c07800 JavaThread "Daemon health stats" [_thread_blocked, id=21763, stack(0x0000700004bae000,0x0000700004cae000)]
  0x00007f819f866000 JavaThread "Service Thread" daemon [_thread_blocked, id=16131, stack(0x00007000049a8000,0x0000700004aa8000)]
=>0x00007f81a081d000 JavaThread "C1 CompilerThread3" daemon [_thread_in_vm, id=16387, stack(0x00007000048a5000,0x00007000049a5000)]
  0x00007f81a081c000 JavaThread "C2 CompilerThread2" daemon [_thread_in_native, id=16899, stack(0x00007000047a2000,0x00007000048a2000)]
  0x00007f819f83b000 JavaThread "C2 CompilerThread1" daemon [_thread_in_vm, id=17411, stack(0x000070000469f000,0x000070000479f000)]
  0x00007f819f839000 JavaThread "C2 CompilerThread0" daemon [_thread_in_native, id=14595, stack(0x000070000459c000,0x000070000469c000)]
  0x00007f81a1018800 JavaThread "Signal Dispatcher" daemon [_thread_blocked, id=17923, stack(0x0000700004499000,0x0000700004599000)]
  0x00007f81a1017800 JavaThread "Finalizer" daemon [_thread_blocked, id=12291, stack(0x0000700004290000,0x0000700004390000)]
  0x00007f819f831800 JavaThread "Reference Handler" daemon [_thread_blocked, id=19971, stack(0x000070000418d000,0x000070000428d000)]
  0x00007f81a000c800 JavaThread "main" [_thread_blocked, id=4099, stack(0x000070000376f000,0x000070000386f000)]

Other Threads:
  0x00007f81a180a800 VMThread [stack: 0x000070000408a000,0x000070000418a000] [id=12035]
  0x00007f819f80a000 WatcherThread [stack: 0x0000700004aab000,0x0000700004bab000] [id=15363]

VM state:not at safepoint (normal execution)

VM Mutex/Monitor currently owned by a thread: None

heap address: 0x0000000760000000, size: 1536 MB, Compressed Oops mode: Zero based, Oop shift amount: 3
Narrow klass base: 0x0000000000000000, Narrow klass shift: 3
Compressed class space size: 1073741824 Address: 0x00000007c0000000

Heap:
 PSYoungGen      total 456704K, used 280358K [0x00000007a0000000, 0x00000007c0000000, 0x00000007c0000000)
  eden space 398336K, 67% used [0x00000007a0000000,0x00000007b067bf68,0x00000007b8500000)
  from space 58368K, 19% used [0x00000007bbe80000,0x00000007bc9cdc30,0x00000007bf780000)
  to   space 58880K, 0% used [0x00000007b8500000,0x00000007b8500000,0x00000007bbe80000)
 ParOldGen       total 223232K, used 99437K [0x0000000760000000, 0x000000076da00000, 0x00000007a0000000)
  object space 223232K, 44% used [0x0000000760000000,0x000000076611b548,0x000000076da00000)
 Metaspace       used 108843K, capacity 114510K, committed 115584K, reserved 1148928K
  class space    used 13918K, capacity 14941K, committed 15232K, reserved 1048576K

Card table byte_map: [0x00000001032d0000,0x00000001035d1000] byte_map_base: 0x00000000ff7d0000

Marking Bits: (ParMarkBitMap*) 0x0000000102820ec8
 Begin Bits: [0x0000000112bb8000, 0x00000001143b8000)
 End Bits:   [0x00000001143b8000, 0x0000000115bb8000)

Polling page: 0x0000000100fbb000

CodeCache: size=245760Kb used=69780Kb max_used=69795Kb free=175979Kb
 bounds [0x0000000103bb8000, 0x0000000108058000, 0x0000000112bb8000]
 total_blobs=20945 nmethods=19990 adapters=866
 compilation: enabled

Compilation events (10 events):
Event: 4992.250 Thread 0x00007f81a081d000 nmethod 27274 0x0000000106614e50 code [0x0000000106614fa0, 0x00000001066150b0]
Event: 4992.250 Thread 0x00007f81a081d000 27278       1       com.android.tools.r8.code.t1::j (4 bytes)
Event: 4992.250 Thread 0x00007f81a081d000 nmethod 27278 0x0000000106614b90 code [0x0000000106614ce0, 0x0000000106614df0]
Event: 4992.250 Thread 0x00007f81a081d000 27279       1       com.android.tools.r8.code.E3::j (4 bytes)
Event: 4992.251 Thread 0x00007f81a081d000 nmethod 27279 0x00000001066148d0 code [0x0000000106614a20, 0x0000000106614b30]
Event: 4992.251 Thread 0x00007f81a081d000 27263       1       com.android.tools.r8.code.c0::j (3 bytes)
Event: 4992.251 Thread 0x00007f81a081d000 nmethod 27263 0x0000000106614610 code [0x0000000106614760, 0x0000000106614870]
Event: 4992.251 Thread 0x00007f81a081d000 27282       2       com.android.tools.r8.dex.m::a (93 bytes)
Event: 4992.252 Thread 0x00007f81a081d000 nmethod 27282 0x0000000106646f50 code [0x0000000106647120, 0x00000001066474e8]
Event: 4992.252 Thread 0x00007f81a081d000 27284 %     3       com.android.tools.r8.u.c.K::a @ 112 (314 bytes)

GC Heap History (10 events):
Event: 4980.964 GC heap before
{Heap before GC invocations=26 (full 4):
 PSYoungGen      total 444928K, used 444525K [0x00000007a0000000, 0x00000007c0000000, 0x00000007c0000000)
  eden space 405504K, 100% used [0x00000007a0000000,0x00000007b8c00000,0x00000007b8c00000)
  from space 39424K, 98% used [0x00000007b8c00000,0x00000007bb21b6d8,0x00000007bb280000)
  to   space 60928K, 0% used [0x00000007bc480000,0x00000007bc480000,0x00000007c0000000)
 ParOldGen       total 223232K, used 54448K [0x0000000760000000, 0x000000076da00000, 0x00000007a0000000)
  object space 223232K, 24% used [0x0000000760000000,0x000000076352c3f8,0x000000076da00000)
 Metaspace       used 108024K, capacity 113602K, committed 114816K, reserved 1148928K
  class space    used 13913K, capacity 14937K, committed 15232K, reserved 1048576K
Event: 4981.084 GC heap after
Heap after GC invocations=26 (full 4):
 PSYoungGen      total 463360K, used 36722K [0x00000007a0000000, 0x00000007c0000000, 0x00000007c0000000)
  eden space 402432K, 0% used [0x00000007a0000000,0x00000007a0000000,0x00000007b8900000)
  from space 60928K, 60% used [0x00000007bc480000,0x00000007be85c830,0x00000007c0000000)
  to   space 60928K, 0% used [0x00000007b8900000,0x00000007b8900000,0x00000007bc480000)
 ParOldGen       total 223232K, used 54456K [0x0000000760000000, 0x000000076da00000, 0x00000007a0000000)
  object space 223232K, 24% used [0x0000000760000000,0x000000076352e3f8,0x000000076da00000)
 Metaspace       used 108024K, capacity 113602K, committed 114816K, reserved 1148928K
  class space    used 13913K, capacity 14937K, committed 15232K, reserved 1048576K
}
Event: 4982.500 GC heap before
{Heap before GC invocations=27 (full 4):
 PSYoungGen      total 463360K, used 439154K [0x00000007a0000000, 0x00000007c0000000, 0x00000007c0000000)
  eden space 402432K, 100% used [0x00000007a0000000,0x00000007b8900000,0x00000007b8900000)
  from space 60928K, 60% used [0x00000007bc480000,0x00000007be85c830,0x00000007c0000000)
  to   space 60928K, 0% used [0x00000007b8900000,0x00000007b8900000,0x00000007bc480000)
 ParOldGen       total 223232K, used 54456K [0x0000000760000000, 0x000000076da00000, 0x00000007a0000000)
  object space 223232K, 24% used [0x0000000760000000,0x000000076352e3f8,0x000000076da00000)
 Metaspace       used 108254K, capacity 113890K, committed 115072K, reserved 1148928K
  class space    used 13914K, capacity 14939K, committed 15232K, reserved 1048576K
Event: 4982.600 GC heap after
Heap after GC invocations=27 (full 4):
 PSYoungGen      total 448512K, used 45570K [0x00000007a0000000, 0x00000007c0000000, 0x00000007c0000000)
  eden space 402432K, 0% used [0x00000007a0000000,0x00000007a0000000,0x00000007b8900000)
  from space 46080K, 98% used [0x00000007b8900000,0x00000007bb5808e0,0x00000007bb600000)
  to   space 64000K, 0% used [0x00000007bc180000,0x00000007bc180000,0x00000007c0000000)
 ParOldGen       total 223232K, used 60085K [0x0000000760000000, 0x000000076da00000, 0x00000007a0000000)
  object space 223232K, 26% used [0x0000000760000000,0x0000000763aad598,0x000000076da00000)
 Metaspace       used 108254K, capacity 113890K, committed 115072K, reserved 1148928K
  class space    used 13914K, capacity 14939K, committed 15232K, reserved 1048576K
}
Event: 4985.349 GC heap before
{Heap before GC invocations=28 (full 4):
 PSYoungGen      total 448512K, used 448002K [0x00000007a0000000, 0x00000007c0000000, 0x00000007c0000000)
  eden space 402432K, 100% used [0x00000007a0000000,0x00000007b8900000,0x00000007b8900000)
  from space 46080K, 98% used [0x00000007b8900000,0x00000007bb5808e0,0x00000007bb600000)
  to   space 64000K, 0% used [0x00000007bc180000,0x00000007bc180000,0x00000007c0000000)
 ParOldGen       total 223232K, used 60085K [0x0000000760000000, 0x000000076da00000, 0x00000007a0000000)
  object space 223232K, 26% used [0x0000000760000000,0x0000000763aad598,0x000000076da00000)
 Metaspace       used 108540K, capacity 114188K, committed 115328K, reserved 1148928K
  class space    used 13917K, capacity 14940K, committed 15232K, reserved 1048576K
Event: 4985.818 GC heap after
Heap after GC invocations=28 (full 4):
 PSYoungGen      total 462848K, used 32194K [0x00000007a0000000, 0x00000007c0000000, 0x00000007c0000000)
  eden space 398848K, 0% used [0x00000007a0000000,0x00000007a0000000,0x00000007b8580000)
  from space 64000K, 50% used [0x00000007bc180000,0x00000007be0f0b60,0x00000007c0000000)
  to   space 61440K, 0% used [0x00000007b8580000,0x00000007b8580000,0x00000007bc180000)
 ParOldGen       total 223232K, used 78516K [0x0000000760000000, 0x000000076da00000, 0x00000007a0000000)
  object space 223232K, 35% used [0x0000000760000000,0x0000000764cad030,0x000000076da00000)
 Metaspace       used 108540K, capacity 114188K, committed 115328K, reserved 1148928K
  class space    used 13917K, capacity 14940K, committed 15232K, reserved 1048576K
}
Event: 4988.492 GC heap before
{Heap before GC invocations=29 (full 4):
 PSYoungGen      total 462848K, used 431042K [0x00000007a0000000, 0x00000007c0000000, 0x00000007c0000000)
  eden space 398848K, 100% used [0x00000007a0000000,0x00000007b8580000,0x00000007b8580000)
  from space 64000K, 50% used [0x00000007bc180000,0x00000007be0f0b60,0x00000007c0000000)
  to   space 61440K, 0% used [0x00000007b8580000,0x00000007b8580000,0x00000007bc180000)
 ParOldGen       total 223232K, used 78516K [0x0000000760000000, 0x000000076da00000, 0x00000007a0000000)
  object space 223232K, 35% used [0x0000000760000000,0x0000000764cad030,0x000000076da00000)
 Metaspace       used 108689K, capacity 114344K, committed 115328K, reserved 1148928K
  class space    used 13917K, capacity 14940K, committed 15232K, reserved 1048576K
Event: 4988.565 GC heap after
Heap after GC invocations=29 (full 4):
 PSYoungGen      total 429568K, used 30396K [0x00000007a0000000, 0x00000007bf780000, 0x00000007c0000000)
  eden space 398848K, 0% used [0x00000007a0000000,0x00000007a0000000,0x00000007b8580000)
  from space 30720K, 98% used [0x00000007b8580000,0x00000007ba32f368,0x00000007ba380000)
  to   space 58368K, 0% used [0x00000007bbe80000,0x00000007bbe80000,0x00000007bf780000)
 ParOldGen       total 223232K, used 80497K [0x0000000760000000, 0x000000076da00000, 0x00000007a0000000)
  object space 223232K, 36% used [0x0000000760000000,0x0000000764e9c6f8,0x000000076da00000)
 Metaspace       used 108689K, capacity 114344K, committed 115328K, reserved 1148928K
  class space    used 13917K, capacity 14940K, committed 15232K, reserved 1048576K
}
Event: 4990.637 GC heap before
{Heap before GC invocations=30 (full 4):
 PSYoungGen      total 429568K, used 429244K [0x00000007a0000000, 0x00000007bf780000, 0x00000007c0000000)
  eden space 398848K, 100% used [0x00000007a0000000,0x00000007b8580000,0x00000007b8580000)
  from space 30720K, 98% used [0x00000007b8580000,0x00000007ba32f368,0x00000007ba380000)
  to   space 58368K, 0% used [0x00000007bbe80000,0x00000007bbe80000,0x00000007bf780000)
 ParOldGen       total 223232K, used 80497K [0x0000000760000000, 0x000000076da00000, 0x00000007a0000000)
  object space 223232K, 36% used [0x0000000760000000,0x0000000764e9c6f8,0x000000076da00000)
 Metaspace       used 108799K, capacity 114438K, committed 115584K, reserved 1148928K
  class space    used 13918K, capacity 14941K, committed 15232K, reserved 1048576K
Event: 4990.999 GC heap after
Heap after GC invocations=30 (full 4):
 PSYoungGen      total 456704K, used 11575K [0x00000007a0000000, 0x00000007c0000000, 0x00000007c0000000)
  eden space 398336K, 0% used [0x00000007a0000000,0x00000007a0000000,0x00000007b8500000)
  from space 58368K, 19% used [0x00000007bbe80000,0x00000007bc9cdc30,0x00000007bf780000)
  to   space 58880K, 0% used [0x00000007b8500000,0x00000007b8500000,0x00000007bbe80000)
 ParOldGen       total 223232K, used 99437K [0x0000000760000000, 0x000000076da00000, 0x00000007a0000000)
  object space 223232K, 44% used [0x0000000760000000,0x000000076611b548,0x000000076da00000)
 Metaspace       used 108799K, capacity 114438K, committed 115584K, reserved 1148928K
  class space    used 13918K, capacity 14941K, committed 15232K, reserved 1048576K
}

Deoptimization events (10 events):
Event: 4980.396 Thread 0x00007f81a4dd9800 Uncommon trap: reason=unstable_if action=reinterpret pc=0x000000010513cb84 method=java.util.TimSort.countRunAndMakeAscending([Ljava/lang/Object;IILjava/util/Comparator;)I @ 27
Event: 4981.841 Thread 0x00007f81a75a4800 Uncommon trap: reason=unstable_if action=reinterpret pc=0x0000000104563fc0 method=com.android.tools.r8.graph.d0.b(Lcom/android/tools/r8/graph/d0;)I @ 57
Event: 4982.291 Thread 0x00007f81a4dd9800 Uncommon trap: reason=unstable_if action=reinterpret pc=0x00000001075afc40 method=com.android.tools.r8.graph.r0.c(Ljava/lang/String;)Lcom/android/tools/r8/graph/b0; @ 229
Event: 4982.723 Thread 0x00007f81a4dd9800 Uncommon trap: reason=unstable_if action=reinterpret pc=0x0000000106192938 method=java.util.concurrent.ConcurrentHashMap.computeIfAbsent(Ljava/lang/Object;Ljava/util/function/Function;)Ljava/lang/Object; @ 281
Event: 4984.467 Thread 0x00007f81a75a2800 Uncommon trap: reason=unstable_if action=reinterpret pc=0x0000000107cdae04 method=com.android.tools.r8.v.a.a.a.f.C0.a(I)Z @ 6
Event: 4986.176 Thread 0x00007f81a75a4800 Uncommon trap: reason=unstable_if action=reinterpret pc=0x0000000107e5b904 method=com.android.tools.r8.u.c.M.a(Lcom/android/tools/r8/graph/S;)Lcom/android/tools/r8/u/b/T; @ 1784
Event: 4986.394 Thread 0x00007f81a75a4800 Uncommon trap: reason=unstable_if action=reinterpret pc=0x0000000106d691a0 method=java.util.TimSort.countRunAndMakeAscending([Ljava/lang/Object;IILjava/util/Comparator;)I @ 27
Event: 4987.956 Thread 0x00007f81a4dd9800 Uncommon trap: reason=unstable_if action=reinterpret pc=0x0000000107db2f0c method=com.android.tools.r8.ir.regalloc.a.a(Lcom/android/tools/r8/ir/regalloc/LinearScanRegisterAllocator;)V @ 177
Event: 4989.363 Thread 0x00007f81a75a2800 Uncommon trap: reason=unstable_if action=reinterpret pc=0x0000000107fbb8d4 method=com.android.tools.r8.ir.regalloc.a.compareTo(Ljava/lang/Object;)I @ 52
Event: 4990.505 Thread 0x00007f81a75a4800 Uncommon trap: reason=unstable_if action=reinterpret pc=0x0000000104cdd720 method=com.android.tools.r8.ir.optimize.h.a(Lcom/android/tools/r8/u/b/d0;ZLcom/android/tools/r8/u/b/d0;)Z @ 24

Classes redefined (0 events):
No events

Internal exceptions (10 events):
Event: 4989.829 Thread 0x00007f81a75a3000 Exception <a 'sun/nio/fs/UnixException'> (0x00000007ad035080) thrown at [/Volumes/Android/buildbot/src/googleplex-android/openjdk/out/hotspot/src/share/vm/prims/jni.cpp, line 710]
Event: 4990.636 Thread 0x00007f81a75a2800 Exception <a 'sun/nio/fs/UnixException'> (0x00000007b6edd6f0) thrown at [/Volumes/Android/buildbot/src/googleplex-android/openjdk/out/hotspot/src/share/vm/prims/jni.cpp, line 710]
Event: 4991.074 Thread 0x00007f81a75a2800 Exception <a 'sun/nio/fs/UnixException'> (0x00000007a02d3db8) thrown at [/Volumes/Android/buildbot/src/googleplex-android/openjdk/out/hotspot/src/share/vm/prims/jni.cpp, line 710]
Event: 4991.170 Thread 0x00007f81a75a2800 Exception <a 'sun/nio/fs/UnixException'> (0x00000007a0e49e70) thrown at [/Volumes/Android/buildbot/src/googleplex-android/openjdk/out/hotspot/src/share/vm/prims/jni.cpp, line 710]
Event: 4991.243 Thread 0x00007f81a75a2800 Exception <a 'sun/nio/fs/UnixException'> (0x00000007a1f456e8) thrown at [/Volumes/Android/buildbot/src/googleplex-android/openjdk/out/hotspot/src/share/vm/prims/jni.cpp, line 710]
Event: 4991.258 Thread 0x00007f81a75a2800 Exception <a 'sun/nio/fs/UnixException'> (0x00000007a1f669c8) thrown at [/Volumes/Android/buildbot/src/googleplex-android/openjdk/out/hotspot/src/share/vm/prims/jni.cpp, line 710]
Event: 4991.872 Thread 0x00007f81a75a4000 Exception <a 'sun/nio/fs/UnixException'> (0x00000007a5bf2c00) thrown at [/Volumes/Android/buildbot/src/googleplex-android/openjdk/out/hotspot/src/share/vm/prims/jni.cpp, line 710]
Event: 4991.907 Thread 0x00007f81a75a3000 Exception <a 'sun/nio/fs/UnixException'> (0x00000007a83b5e58) thrown at [/Volumes/Android/buildbot/src/googleplex-android/openjdk/out/hotspot/src/share/vm/prims/jni.cpp, line 710]
Event: 4991.911 Thread 0x00007f81a75a4000 Exception <a 'sun/nio/fs/UnixException'> (0x00000007a5c13b00) thrown at [/Volumes/Android/buildbot/src/googleplex-android/openjdk/out/hotspot/src/share/vm/prims/jni.cpp, line 710]
Event: 4991.955 Thread 0x00007f81a75a3000 Exception <a 'sun/nio/fs/UnixException'> (0x00000007a8add788) thrown at [/Volumes/Android/buildbot/src/googleplex-android/openjdk/out/hotspot/src/share/vm/prims/jni.cpp, line 710]

Events (10 events):
Event: 4991.893 Thread 0x00007f81a75a4000 DEOPT PACKING pc=0x000000010526f004 sp=0x0000700007014540
Event: 4991.894 Thread 0x00007f81a75a4000 DEOPT UNPACKING pc=0x0000000103bff4c4 sp=0x0000700007014280 mode 0
Event: 4991.894 Thread 0x00007f81a75a4000 DEOPT PACKING pc=0x0000000103e56de4 sp=0x00007000070164e0
Event: 4991.894 Thread 0x00007f81a75a4000 DEOPT UNPACKING pc=0x0000000103bff4c4 sp=0x00007000070162f0 mode 0
Event: 4991.971 Thread 0x00007f81a75a4800 DEOPT PACKING pc=0x00000001076f252c sp=0x0000700007114b50
Event: 4991.971 Thread 0x00007f81a75a4800 DEOPT UNPACKING pc=0x0000000103bff4c4 sp=0x0000700007114900 mode 0
Event: 4991.996 Thread 0x00007f81a759a800 DEOPT PACKING pc=0x00000001076f252c sp=0x0000700006b02d20
Event: 4991.996 Thread 0x00007f81a759a800 DEOPT UNPACKING pc=0x0000000103bff4c4 sp=0x0000700006b02ad0 mode 0
Event: 4992.063 Thread 0x00007f81a75a1800 DEOPT PACKING pc=0x00000001078436df sp=0x0000700006d09420
Event: 4992.063 Thread 0x00007f81a75a1800 DEOPT UNPACKING pc=0x0000000103bff4c4 sp=0x0000700006d09290 mode 0


Dynamic libraries:
0x00007fff367db000 	/System/Library/Frameworks/Cocoa.framework/Versions/A/Cocoa
0x00007fff43fee000 	/System/Library/Frameworks/Security.framework/Versions/A/Security
0x00007fff35745000 	/System/Library/Frameworks/ApplicationServices.framework/Versions/A/ApplicationServices
0x00007fff70c27000 	/usr/lib/libz.1.dylib
0x00007fff6e65d000 	/usr/lib/libSystem.B.dylib
0x00007fff37687000 	/System/Library/Frameworks/CoreFoundation.framework/Versions/A/CoreFoundation
0x00007fff39d60000 	/System/Library/Frameworks/Foundation.framework/Versions/C/Foundation
0x00007fff70554000 	/usr/lib/libobjc.A.dylib
0x00007fff34936000 	/System/Library/Frameworks/AppKit.framework/Versions/C/AppKit
0x00007fff3715f000 	/System/Library/Frameworks/CoreData.framework/Versions/A/CoreData
0x00007fff6867e000 	/System/Library/PrivateFrameworks/UIFoundation.framework/Versions/A/UIFoundation
0x00007fff6372c000 	/System/Library/PrivateFrameworks/RemoteViewServices.framework/Versions/A/RemoteViewServices
0x00007fff6b1d2000 	/System/Library/PrivateFrameworks/XCTTargetBootstrap.framework/Versions/A/XCTTargetBootstrap
0x00007fff3755b000 	/System/Library/Frameworks/CoreDisplay.framework/Versions/A/CoreDisplay
0x00007fff3cc1b000 	/System/Library/Frameworks/Metal.framework/Versions/A/Metal
0x00007fff51785000 	/System/Library/PrivateFrameworks/DesktopServicesPriv.framework/Versions/A/DesktopServicesPriv
0x00007fff6f831000 	/usr/lib/liblangid.dylib
0x00007fff50a1e000 	/System/Library/PrivateFrameworks/CoreSVG.framework/Versions/A/CoreSVG
0x00007fff66882000 	/System/Library/PrivateFrameworks/SkyLight.framework/Versions/A/SkyLight
0x00007fff37b09000 	/System/Library/Frameworks/CoreGraphics.framework/Versions/A/CoreGraphics
0x00007fff332a5000 	/System/Library/Frameworks/Accelerate.framework/Versions/A/Accelerate
0x00007fff70b18000 	/usr/lib/libxml2.2.dylib
0x00007fff5c6de000 	/System/Library/PrivateFrameworks/IconServices.framework/Versions/A/IconServices
0x00007fff3a53f000 	/System/Library/Frameworks/IOSurface.framework/Versions/A/IOSurface
0x00007fff6e187000 	/usr/lib/libDiagnosticMessagesClient.dylib
0x00007fff515df000 	/System/Library/PrivateFrameworks/DFRFoundation.framework/Versions/A/DFRFoundation
0x00007fff6f5c0000 	/usr/lib/libicucore.A.dylib
0x00007fff35a77000 	/System/Library/Frameworks/AudioToolbox.framework/Versions/A/AudioToolbox
0x00007fff35b5a000 	/System/Library/Frameworks/AudioUnit.framework/Versions/A/AudioUnit
0x00007fff6e8f5000 	/usr/lib/libauto.dylib
0x00007fff51681000 	/System/Library/PrivateFrameworks/DataDetectorsCore.framework/Versions/A/DataDetectorsCore
0x00007fff362fc000 	/System/Library/Frameworks/Carbon.framework/Versions/A/Frameworks/HIToolbox.framework/Versions/A/HIToolbox
0x00007fff431eb000 	/System/Library/Frameworks/QuartzCore.framework/Versions/A/QuartzCore
0x00007fff3663b000 	/System/Library/Frameworks/Carbon.framework/Versions/A/Frameworks/SpeechRecognition.framework/Versions/A/SpeechRecognition
0x00007fff510f6000 	/System/Library/PrivateFrameworks/CoreUI.framework/Versions/A/CoreUI
0x00007fff36bca000 	/System/Library/Frameworks/CoreAudio.framework/Versions/A/CoreAudio
0x00007fff39a25000 	/System/Library/Frameworks/DiskArbitration.framework/Versions/A/DiskArbitration
0x00007fff5e72b000 	/System/Library/PrivateFrameworks/MultitouchSupport.framework/Versions/A/MultitouchSupport
0x00007fff6f487000 	/usr/lib/libenergytrace.dylib
0x00007fff3a499000 	/System/Library/Frameworks/IOKit.framework/Versions/A/IOKit
0x00007fff38a92000 	/System/Library/Frameworks/CoreServices.framework/Versions/A/CoreServices
0x00007fff608c2000 	/System/Library/PrivateFrameworks/PerformanceAnalysis.framework/Versions/A/PerformanceAnalysis
0x00007fff4221e000 	/System/Library/Frameworks/OpenGL.framework/Versions/A/OpenGL
0x00007fff367e9000 	/System/Library/Frameworks/ColorSync.framework/Versions/A/ColorSync
0x00007fff381ad000 	/System/Library/Frameworks/CoreImage.framework/Versions/A/CoreImage
0x00007fff39504000 	/System/Library/Frameworks/CoreText.framework/Versions/A/CoreText
0x00007fff3a5cf000 	/System/Library/Frameworks/ImageIO.framework/Versions/A/ImageIO
0x00007fff6e9d9000 	/usr/lib/libc++.1.dylib
0x00007fff6ea55000 	/usr/lib/libcompression.dylib
0x00007fff6e4cb000 	/usr/lib/libMobileGestalt.dylib
0x00007fff683f7000 	/System/Library/PrivateFrameworks/TextureIO.framework/Versions/A/TextureIO
0x00007fff6e7c2000 	/usr/lib/libate.dylib
0x00007fff5c8e7000 	/System/Library/PrivateFrameworks/InternationalSupport.framework/Versions/A/InternationalSupport
0x00007fff714e7000 	/usr/lib/system/libcache.dylib
0x00007fff714ed000 	/usr/lib/system/libcommonCrypto.dylib
0x00007fff714f9000 	/usr/lib/system/libcompiler_rt.dylib
0x00007fff71501000 	/usr/lib/system/libcopyfile.dylib
0x00007fff7150b000 	/usr/lib/system/libcorecrypto.dylib
0x00007fff716aa000 	/usr/lib/system/libdispatch.dylib
0x00007fff716eb000 	/usr/lib/system/libdyld.dylib
0x00007fff71722000 	/usr/lib/system/libkeymgr.dylib
0x00007fff71730000 	/usr/lib/system/liblaunch.dylib
0x00007fff71731000 	/usr/lib/system/libmacho.dylib
0x00007fff71737000 	/usr/lib/system/libquarantine.dylib
0x00007fff7173a000 	/usr/lib/system/libremovefile.dylib
0x00007fff7173c000 	/usr/lib/system/libsystem_asl.dylib
0x00007fff71754000 	/usr/lib/system/libsystem_blocks.dylib
0x00007fff71755000 	/usr/lib/system/libsystem_c.dylib
0x00007fff717dd000 	/usr/lib/system/libsystem_configuration.dylib
0x00007fff717e1000 	/usr/lib/system/libsystem_coreservices.dylib
0x00007fff717e5000 	/usr/lib/system/libsystem_darwin.dylib
0x00007fff717ee000 	/usr/lib/system/libsystem_dnssd.dylib
0x00007fff717f6000 	/usr/lib/system/libsystem_featureflags.dylib
0x00007fff717f8000 	/usr/lib/system/libsystem_info.dylib
0x00007fff71873000 	/usr/lib/system/libsystem_m.dylib
0x00007fff718bf000 	/usr/lib/system/libsystem_malloc.dylib
0x00007fff718e7000 	/usr/lib/system/libsystem_networkextension.dylib
0x00007fff718f5000 	/usr/lib/system/libsystem_notify.dylib
0x00007fff71913000 	/usr/lib/system/libsystem_sandbox.dylib
0x00007fff71918000 	/usr/lib/system/libsystem_secinit.dylib
0x00007fff71846000 	/usr/lib/system/libsystem_kernel.dylib
0x00007fff718ff000 	/usr/lib/system/libsystem_platform.dylib
0x00007fff71908000 	/usr/lib/system/libsystem_pthread.dylib
0x00007fff7191b000 	/usr/lib/system/libsystem_symptoms.dylib
0x00007fff71923000 	/usr/lib/system/libsystem_trace.dylib
0x00007fff7193b000 	/usr/lib/system/libunwind.dylib
0x00007fff71941000 	/usr/lib/system/libxpc.dylib
0x00007fff6ea2c000 	/usr/lib/libc++abi.dylib
0x00007fff6f833000 	/usr/lib/liblzma.5.dylib
0x00007fff6f4ae000 	/usr/lib/libfakelink.dylib
0x00007fff6e74f000 	/usr/lib/libarchive.2.dylib
0x00007fff4509e000 	/System/Library/Frameworks/SystemConfiguration.framework/Versions/A/SystemConfiguration
0x00007fff6e0ba000 	/usr/lib/libCRFSuite.dylib
0x00007fff35eed000 	/System/Library/Frameworks/CFNetwork.framework/Versions/A/CFNetwork
0x00007fff6e9bb000 	/usr/lib/libbsm.0.dylib
0x00007fff71723000 	/usr/lib/system/libkxld.dylib
0x00007fff4afb4000 	/System/Library/PrivateFrameworks/AppleFSCompression.framework/Versions/A/AppleFSCompression
0x00007fff6ed47000 	/usr/lib/libcoretls.dylib
0x00007fff6ed5e000 	/usr/lib/libcoretls_cfhelpers.dylib
0x00007fff70599000 	/usr/lib/libpam.2.dylib
0x00007fff706ce000 	/usr/lib/libsqlite3.dylib
0x00007fff70b05000 	/usr/lib/libxar.1.dylib
0x00007fff6e9cc000 	/usr/lib/libbz2.1.0.dylib
0x00007fff6f4cf000 	/usr/lib/libiconv.2.dylib
0x00007fff6ea42000 	/usr/lib/libcharset.1.dylib
0x00007fff70039000 	/usr/lib/libnetwork.dylib
0x00007fff705a0000 	/usr/lib/libpcap.A.dylib
0x00007fff6e704000 	/usr/lib/libapple_nghttp2.dylib
0x00007fff38e49000 	/System/Library/Frameworks/CoreServices.framework/Versions/A/Frameworks/FSEvents.framework/Versions/A/FSEvents
0x00007fff38b19000 	/System/Library/Frameworks/CoreServices.framework/Versions/A/Frameworks/CarbonCore.framework/Versions/A/CarbonCore
0x00007fff3908c000 	/System/Library/Frameworks/CoreServices.framework/Versions/A/Frameworks/Metadata.framework/Versions/A/Metadata
0x00007fff39125000 	/System/Library/Frameworks/CoreServices.framework/Versions/A/Frameworks/OSServices.framework/Versions/A/OSServices
0x00007fff39153000 	/System/Library/Frameworks/CoreServices.framework/Versions/A/Frameworks/SearchKit.framework/Versions/A/SearchKit
0x00007fff38a93000 	/System/Library/Frameworks/CoreServices.framework/Versions/A/Frameworks/AE.framework/Versions/A/AE
0x00007fff38e52000 	/System/Library/Frameworks/CoreServices.framework/Versions/A/Frameworks/LaunchServices.framework/Versions/A/LaunchServices
0x00007fff38dfb000 	/System/Library/Frameworks/CoreServices.framework/Versions/A/Frameworks/DictionaryServices.framework/Versions/A/DictionaryServices
0x00007fff391bb000 	/System/Library/Frameworks/CoreServices.framework/Versions/A/Frameworks/SharedFileList.framework/Versions/A/SharedFileList
0x00007fff3e03e000 	/System/Library/Frameworks/NetFS.framework/Versions/A/NetFS
0x00007fff5ec5a000 	/System/Library/PrivateFrameworks/NetAuth.framework/Versions/A/NetAuth
0x00007fff6b59f000 	/System/Library/PrivateFrameworks/login.framework/Versions/A/Frameworks/loginsupport.framework/Versions/A/loginsupport
0x00007fff67ec4000 	/System/Library/PrivateFrameworks/TCC.framework/Versions/A/TCC
0x00007fff4fb91000 	/System/Library/PrivateFrameworks/CoreNLP.framework/Versions/A/CoreNLP
0x00007fff5e159000 	/System/Library/PrivateFrameworks/MetadataUtilities.framework/Versions/A/MetadataUtilities
0x00007fff6f90b000 	/usr/lib/libmecabra.dylib
0x00007fff6f863000 	/usr/lib/libmecab.dylib
0x00007fff6f4bf000 	/usr/lib/libgermantok.dylib
0x00007fff6e6eb000 	/usr/lib/libThaiTokenizer.dylib
0x00007fff6e0f1000 	/usr/lib/libChineseTokenizer.dylib
0x00007fff332be000 	/System/Library/Frameworks/Accelerate.framework/Versions/A/Frameworks/vImage.framework/Versions/A/vImage
0x00007fff3478c000 	/System/Library/Frameworks/Accelerate.framework/Versions/A/Frameworks/vecLib.framework/Versions/A/vecLib
0x00007fff3460d000 	/System/Library/Frameworks/Accelerate.framework/Versions/A/Frameworks/vecLib.framework/Versions/A/libvMisc.dylib
0x00007fff3447a000 	/System/Library/Frameworks/Accelerate.framework/Versions/A/Frameworks/vecLib.framework/Versions/A/libvDSP.dylib
0x00007fff33b5a000 	/System/Library/Frameworks/Accelerate.framework/Versions/A/Frameworks/vecLib.framework/Versions/A/libBLAS.dylib
0x00007fff34032000 	/System/Library/Frameworks/Accelerate.framework/Versions/A/Frameworks/vecLib.framework/Versions/A/libLAPACK.dylib
0x00007fff343da000 	/System/Library/Frameworks/Accelerate.framework/Versions/A/Frameworks/vecLib.framework/Versions/A/libLinearAlgebra.dylib
0x00007fff34467000 	/System/Library/Frameworks/Accelerate.framework/Versions/A/Frameworks/vecLib.framework/Versions/A/libSparseBLAS.dylib
0x00007fff343f0000 	/System/Library/Frameworks/Accelerate.framework/Versions/A/Frameworks/vecLib.framework/Versions/A/libQuadrature.dylib
0x00007fff33cf0000 	/System/Library/Frameworks/Accelerate.framework/Versions/A/Frameworks/vecLib.framework/Versions/A/libBNNS.dylib
0x00007fff343f6000 	/System/Library/Frameworks/Accelerate.framework/Versions/A/Frameworks/vecLib.framework/Versions/A/libSparse.dylib
0x00007fff5cccf000 	/System/Library/PrivateFrameworks/LanguageModeling.framework/Versions/A/LanguageModeling
0x00007fff4f541000 	/System/Library/PrivateFrameworks/CoreEmoji.framework/Versions/A/CoreEmoji
0x00007fff5cded000 	/System/Library/PrivateFrameworks/LinguisticData.framework/Versions/A/LinguisticData
0x00007fff5cd9e000 	/System/Library/PrivateFrameworks/Lexicon.framework/Versions/A/Lexicon
0x00007fff6ea43000 	/usr/lib/libcmph.dylib
0x00007fff40c2c000 	/System/Library/Frameworks/OpenDirectory.framework/Versions/A/Frameworks/CFOpenDirectory.framework/Versions/A/CFOpenDirectory
0x00007fff40c49000 	/System/Library/Frameworks/OpenDirectory.framework/Versions/A/OpenDirectory
0x00007fff49069000 	/System/Library/PrivateFrameworks/APFS.framework/Versions/A/APFS
0x00007fff44338000 	/System/Library/Frameworks/SecurityFoundation.framework/Versions/A/SecurityFoundation
0x00007fff70b01000 	/usr/lib/libutil.dylib
0x00007fff50a76000 	/System/Library/PrivateFrameworks/CoreServicesStore.framework/Versions/A/CoreServicesStore
0x00007fff443ef000 	/System/Library/Frameworks/ServiceManagement.framework/Versions/A/ServiceManagement
0x00007fff4c782000 	/System/Library/PrivateFrameworks/BackgroundTaskManagement.framework/Versions/A/BackgroundTaskManagement
0x00007fff70bfe000 	/usr/lib/libxslt.1.dylib
0x00007fff4b626000 	/System/Library/PrivateFrameworks/AppleSystemInfo.framework/Versions/A/AppleSystemInfo
0x00007fff3a7ec000 	/System/Library/Frameworks/ImageIO.framework/Versions/A/Resources/libJPEG.dylib
0x00007fff3aaa9000 	/System/Library/Frameworks/ImageIO.framework/Versions/A/Resources/libTIFF.dylib
0x00007fff3aa8c000 	/System/Library/Frameworks/ImageIO.framework/Versions/A/Resources/libPng.dylib
0x00007fff3a72e000 	/System/Library/Frameworks/ImageIO.framework/Versions/A/Resources/libGIF.dylib
0x00007fff3a732000 	/System/Library/Frameworks/ImageIO.framework/Versions/A/Resources/libJP2.dylib
0x00007fff3aaa7000 	/System/Library/Frameworks/ImageIO.framework/Versions/A/Resources/libRadiance.dylib
0x00007fff6f488000 	/usr/lib/libexpat.1.dylib
0x00007fff4b10f000 	/System/Library/PrivateFrameworks/AppleJPEG.framework/Versions/A/AppleJPEG
0x00007fff53d51000 	/System/Library/PrivateFrameworks/FontServices.framework/libFontParser.dylib
0x00007fff6a5a5000 	/System/Library/PrivateFrameworks/WatchdogClient.framework/Versions/A/WatchdogClient
0x00007fff5c32b000 	/System/Library/PrivateFrameworks/IOAccelerator.framework/Versions/A/IOAccelerator
0x00007fff3cfb6000 	/System/Library/Frameworks/MetalPerformanceShaders.framework/Versions/A/MetalPerformanceShaders
0x00007fff58ac4000 	/System/Library/PrivateFrameworks/GPUWrangler.framework/Versions/A/GPUWrangler
0x00007fff5c340000 	/System/Library/PrivateFrameworks/IOPresentment.framework/Versions/A/IOPresentment
0x00007fff515f2000 	/System/Library/PrivateFrameworks/DSExternalDisplay.framework/Versions/A/DSExternalDisplay
0x00007fff415bd000 	/System/Library/Frameworks/OpenGL.framework/Versions/A/Libraries/libCoreFSCache.dylib
0x00007fff3cd02000 	/System/Library/Frameworks/MetalPerformanceShaders.framework/Frameworks/MPSCore.framework/Versions/A/MPSCore
0x00007fff3cd40000 	/System/Library/Frameworks/MetalPerformanceShaders.framework/Frameworks/MPSImage.framework/Versions/A/MPSImage
0x00007fff3ce07000 	/System/Library/Frameworks/MetalPerformanceShaders.framework/Frameworks/MPSNeuralNetwork.framework/Versions/A/MPSNeuralNetwork
0x00007fff3cdcb000 	/System/Library/Frameworks/MetalPerformanceShaders.framework/Frameworks/MPSMatrix.framework/Versions/A/MPSMatrix
0x00007fff3cf66000 	/System/Library/Frameworks/MetalPerformanceShaders.framework/Frameworks/MPSRayIntersector.framework/Versions/A/MPSRayIntersector
0x00007fff3cdf1000 	/System/Library/Frameworks/MetalPerformanceShaders.framework/Frameworks/MPSNDArray.framework/Versions/A/MPSNDArray
0x00007fff5e1a6000 	/System/Library/PrivateFrameworks/MetalTools.framework/Versions/A/MetalTools
0x00007fff4a23c000 	/System/Library/PrivateFrameworks/AggregateDictionary.framework/Versions/A/AggregateDictionary
0x00007fff4ef9b000 	/System/Library/PrivateFrameworks/CoreAnalytics.framework/Versions/A/CoreAnalytics
0x00007fff4b545000 	/System/Library/PrivateFrameworks/AppleSauce.framework/Versions/A/AppleSauce
0x00007fff6e3ad000 	/usr/lib/libIOReport.dylib
0x00007fff396bc000 	/System/Library/Frameworks/CoreVideo.framework/Versions/A/CoreVideo
0x00007fff59f3e000 	/System/Library/PrivateFrameworks/GraphVisualizer.framework/Versions/A/GraphVisualizer
0x00007fff532a5000 	/System/Library/PrivateFrameworks/FaceCore.framework/Versions/A/FaceCore
0x00007fff40bd3000 	/System/Library/Frameworks/OpenCL.framework/Versions/A/OpenCL
0x00007fff6e1cf000 	/usr/lib/libFosl_dynamic.dylib
0x00007fff5f66f000 	/System/Library/PrivateFrameworks/OTSVG.framework/Versions/A/OTSVG
0x00007fff3584a000 	/System/Library/Frameworks/ApplicationServices.framework/Versions/A/Frameworks/ATS.framework/Versions/A/Resources/libFontRegistry.dylib
0x00007fff53f22000 	/System/Library/PrivateFrameworks/FontServices.framework/libhvf.dylib
0x00007fff415c8000 	/System/Library/Frameworks/OpenGL.framework/Versions/A/Libraries/libGFXShared.dylib
0x00007fff417a6000 	/System/Library/Frameworks/OpenGL.framework/Versions/A/Libraries/libGLU.dylib
0x00007fff415d1000 	/System/Library/Frameworks/OpenGL.framework/Versions/A/Libraries/libGL.dylib
0x00007fff415dc000 	/System/Library/Frameworks/OpenGL.framework/Versions/A/Libraries/libGLImage.dylib
0x00007fff415ba000 	/System/Library/Frameworks/OpenGL.framework/Versions/A/Libraries/libCVMSPluginSupport.dylib
0x00007fff415c3000 	/System/Library/Frameworks/OpenGL.framework/Versions/A/Libraries/libCoreVMClient.dylib
0x00007fff6feda000 	/usr/lib/libncurses.5.4.dylib
0x00007fff35746000 	/System/Library/Frameworks/ApplicationServices.framework/Versions/A/Frameworks/ATS.framework/Versions/A/ATS
0x00007fff35913000 	/System/Library/Frameworks/ApplicationServices.framework/Versions/A/Frameworks/ColorSyncLegacy.framework/Versions/A/ColorSyncLegacy
0x00007fff359b1000 	/System/Library/Frameworks/ApplicationServices.framework/Versions/A/Frameworks/HIServices.framework/Versions/A/HIServices
0x00007fff35a09000 	/System/Library/Frameworks/ApplicationServices.framework/Versions/A/Frameworks/LangAnalysis.framework/Versions/A/LangAnalysis
0x00007fff35a18000 	/System/Library/Frameworks/ApplicationServices.framework/Versions/A/Frameworks/PrintCore.framework/Versions/A/PrintCore
0x00007fff35a5e000 	/System/Library/Frameworks/ApplicationServices.framework/Versions/A/Frameworks/QD.framework/Versions/A/QD
0x00007fff35a69000 	/System/Library/Frameworks/ApplicationServices.framework/Versions/A/Frameworks/SpeechSynthesis.framework/Versions/A/SpeechSynthesis
0x00007fff358e3000 	/System/Library/Frameworks/ApplicationServices.framework/Versions/A/Frameworks/ATSUI.framework/Versions/A/ATSUI
0x00007fff6f31c000 	/usr/lib/libcups.2.dylib
0x00007fff3c053000 	/System/Library/Frameworks/Kerberos.framework/Versions/A/Kerberos
0x00007fff3a192000 	/System/Library/Frameworks/GSS.framework/Versions/A/GSS
0x00007fff7065a000 	/usr/lib/libresolv.9.dylib
0x00007fff5a0ec000 	/System/Library/PrivateFrameworks/Heimdal.framework/Versions/A/Heimdal
0x00007fff3c066000 	/System/Library/Frameworks/Kerberos.framework/Versions/A/Libraries/libHeimdalProxy.dylib
0x00007fff6f4c5000 	/usr/lib/libheimdal-asn1.dylib
0x00007fff4e434000 	/System/Library/PrivateFrameworks/CommonAuth.framework/Versions/A/CommonAuth
0x00007fff4b6c3000 	/System/Library/PrivateFrameworks/AssertionServices.framework/Versions/A/AssertionServices
0x00007fff4c265000 	/System/Library/PrivateFrameworks/AudioToolboxCore.framework/Versions/A/AudioToolboxCore
0x00007fff6b24f000 	/System/Library/PrivateFrameworks/caulk.framework/Versions/A/caulk
0x00007fff4c82e000 	/System/Library/PrivateFrameworks/BaseBoard.framework/Versions/A/BaseBoard
0x00007fff638ba000 	/System/Library/PrivateFrameworks/RunningBoardServices.framework/Versions/A/RunningBoardServices
0x00007fff608ce000 	/System/Library/PrivateFrameworks/PersistentConnection.framework/Versions/A/PersistentConnection
0x00007fff632b4000 	/System/Library/PrivateFrameworks/ProtocolBuffer.framework/Versions/A/ProtocolBuffer
0x00007fff4e458000 	/System/Library/PrivateFrameworks/CommonUtilities.framework/Versions/A/CommonUtilities
0x00007fff4c9bc000 	/System/Library/PrivateFrameworks/Bom.framework/Versions/A/Bom
0x00007fff6e080000 	/usr/lib/libAudioToolboxUtility.dylib
0x00007fff4c78c000 	/System/Library/PrivateFrameworks/Backup.framework/Versions/A/Backup
0x00007fff51513000 	/System/Library/PrivateFrameworks/CrashReporterSupport.framework/Versions/A/CrashReporterSupport
0x00007fff65348000 	/System/Library/PrivateFrameworks/Sharing.framework/Versions/A/Sharing
0x00007fff4acd2000 	/System/Library/PrivateFrameworks/Apple80211.framework/Versions/A/Apple80211
0x00007fff4c4a9000 	/System/Library/PrivateFrameworks/AuthKit.framework/Versions/A/AuthKit
0x00007fff51223000 	/System/Library/PrivateFrameworks/CoreUtils.framework/Versions/A/CoreUtils
0x00007fff39701000 	/System/Library/Frameworks/CoreWLAN.framework/Versions/A/CoreWLAN
0x00007fff3a31f000 	/System/Library/Frameworks/IOBluetooth.framework/Versions/A/IOBluetooth
0x00007fff5e4aa000 	/System/Library/PrivateFrameworks/MobileKeyBag.framework/Versions/A/MobileKeyBag
0x00007fff50029000 	/System/Library/PrivateFrameworks/CorePhoneNumbers.framework/Versions/A/CorePhoneNumbers
0x00007fff4b0c2000 	/System/Library/PrivateFrameworks/AppleIDAuthSupport.framework/Versions/A/AppleIDAuthSupport
0x00007fff3e04b000 	/System/Library/Frameworks/Network.framework/Versions/A/Network
0x00007fff5cb7b000 	/System/Library/PrivateFrameworks/KeychainCircle.framework/Versions/A/KeychainCircle
0x00007fff37126000 	/System/Library/Frameworks/CoreBluetooth.framework/Versions/A/CoreBluetooth
0x00007fff673c5000 	/System/Library/PrivateFrameworks/SpeechRecognitionCore.framework/Versions/A/SpeechRecognitionCore
0x0000000102000000 	/Applications/Android Studio.app/Contents/jre/jdk/Contents/Home/jre/lib/server/libjvm.dylib
0x00007fff709d4000 	/usr/lib/libstdc++.6.dylib
0x0000000100faa000 	/Applications/Android Studio.app/Contents/jre/jdk/Contents/Home/jre/lib/libverify.dylib
0x0000000102eaf000 	/Applications/Android Studio.app/Contents/jre/jdk/Contents/Home/jre/lib/libjava.dylib
0x0000000102f01000 	/Applications/Android Studio.app/Contents/jre/jdk/Contents/Home/jre/lib/libzip.dylib
0x0000000119f58000 	/Applications/Android Studio.app/Contents/jre/jdk/Contents/Home/jre/lib/libnet.dylib
0x000000011a449000 	/Applications/Android Studio.app/Contents/jre/jdk/Contents/Home/jre/lib/libnio.dylib
0x0000000119ea0000 	/Users/antonioramos/.gradle/native/30/osx-amd64/libnative-platform.dylib
0x000000011a8a7000 	/Applications/Android Studio.app/Contents/jre/jdk/Contents/Home/jre/lib/libmanagement.dylib
0x000000011af18000 	/Applications/Android Studio.app/Contents/jre/jdk/Contents/Home/jre/lib/libsunec.dylib
0x00007fff70aa6000 	/usr/lib/libusrtcp.dylib
0x000000011a4c7000 	/private/var/folders/q5/5g8qcs2x7bbgcvj4gnzx89180000gn/T/native-platform1541925252724692252dir/libnative-platform.dylib
0x00007fff5d648000 	/System/Library/PrivateFrameworks/MallocStackLogging.framework/Versions/A/MallocStackLogging

VM Arguments:
jvm_args: -Xmx1536m -Dfile.encoding=UTF-8 -Duser.country=419 -Duser.language=es -Duser.variant 
java_command: org.gradle.launcher.daemon.bootstrap.GradleDaemon 5.6.4
java_class_path (initial): /Users/antonioramos/.gradle/wrapper/dists/gradle-5.6.4-all/ankdp27end7byghfw1q2sw75f/gradle-5.6.4/lib/gradle-launcher-5.6.4.jar
Launcher Type: SUN_STANDARD

Environment Variables:
PATH=/usr/local/bin:/usr/bin:/bin:/usr/sbin:/sbin:/Library/Apple/usr/bin
SHELL=/bin/zsh

Signal Handlers:
SIGSEGV: [libjvm.dylib+0x5609d5], sa_mask[0]=11111111011111110111111111111111, sa_flags=SA_ONSTACK|SA_RESTART|SA_SIGINFO
SIGBUS: [libjvm.dylib+0x5609d5], sa_mask[0]=11111111011111110111111111111111, sa_flags=SA_RESTART|SA_SIGINFO
SIGFPE: [libjvm.dylib+0x458695], sa_mask[0]=11111111011111110111111111111111, sa_flags=SA_RESTART|SA_SIGINFO
SIGPIPE: [libjvm.dylib+0x458695], sa_mask[0]=11111111011111110111111111111111, sa_flags=SA_RESTART|SA_SIGINFO
SIGXFSZ: [libjvm.dylib+0x458695], sa_mask[0]=11111111011111110111111111111111, sa_flags=SA_RESTART|SA_SIGINFO
SIGILL: [libjvm.dylib+0x458695], sa_mask[0]=11111111011111110111111111111111, sa_flags=SA_RESTART|SA_SIGINFO
SIGUSR1: SIG_DFL, sa_mask[0]=00000000000000000000000000000000, sa_flags=none
SIGUSR2: [libjvm.dylib+0x458f94], sa_mask[0]=00100000000000000000000000000000, sa_flags=SA_RESTART|SA_SIGINFO
SIGHUP: [libjvm.dylib+0x4571b9], sa_mask[0]=11111111011111110111111111111111, sa_flags=SA_RESTART|SA_SIGINFO
SIGINT: [libjvm.dylib+0x4571b9], sa_mask[0]=11111111011111110111111111111111, sa_flags=SA_RESTART|SA_SIGINFO
SIGTERM: [libjvm.dylib+0x4571b9], sa_mask[0]=11111111011111110111111111111111, sa_flags=SA_RESTART|SA_SIGINFO
SIGQUIT: [libjvm.dylib+0x4571b9], sa_mask[0]=11111111011111110111111111111111, sa_flags=SA_RESTART|SA_SIGINFO


---------------  S Y S T E M  ---------------

OS:Bsduname:Darwin 19.4.0 Darwin Kernel Version 19.4.0: Wed Mar  4 22:28:40 PST 2020; root:xnu-6153.101.6~15/RELEASE_X86_64 x86_64
rlimit: STACK 8192k, CORE 0k, NPROC 1392, NOFILE 10240, AS infinity
load average:33.40 13.60 7.60

CPU:total 8 (initial active 8) (4 cores per cpu, 2 threads per core) family 6 model 58 stepping 9, cmov, cx8, fxsr, mmx, sse, sse2, sse3, ssse3, sse4.1, sse4.2, popcnt, avx, aes, clmul, erms, ht, tsc, tscinvbit, tscinv

Memory: 4k page, physical 8388608k(23072k free)

/proc/meminfo:


vm_info: OpenJDK 64-Bit Server VM (25.212-b4-5784211) for bsd-amd64 JRE (1.8.0_212-release-1586-b4-5784211), built by "android-build" with gcc 4.2.1 Compatible Android (5657785 based on r353983d) Clang 9.0.4 (https://android.googlesource.com/toolchain/llvm-project 2a90cc9d899e6fe6dcf0da193244b25f75735c7b)

time: Mon Jan 25 18:57:23 2021
timezone: CST
elapsed time: 4992 seconds (0d 1h 23m 12s)

